[2024-05-18 20:02:13.545] [info] Using configuration file /home/dan/.config/waybar/config
[2024-05-18 20:02:13.546] [info] Unable to receive desktop appearance: GDBus.Error:org.freedesktop.DBus.Error.UnknownMethod: No such interface “org.freedesktop.portal.Settings” on object at path /org/freedesktop/portal/desktop
[2024-05-18 20:02:13.546] [info] Using CSS file /home/dan/.config/waybar/style.css
[2024-05-18 20:02:13.551] [info] Hyprland IPC starting
[2024-05-18 20:02:13.553] [info] Loading persistent workspaces from Hyprland workspace rules
[2024-05-18 20:02:13.686] [warning] Requested height: 32 is less than the minimum height: 39 required by the modules
[2024-05-18 20:02:13.686] [info] Bar configured (width: 1920, height: 39) for output: HDMI-A-1
[2024-05-18 20:02:23.143] [info] Quitting.
[2024-05-18 20:03:06.480] [info] Using configuration file /home/dan/.config/waybar/config
[2024-05-18 20:03:06.482] [info] Unable to receive desktop appearance: GDBus.Error:org.freedesktop.DBus.Error.UnknownMethod: No such interface “org.freedesktop.portal.Settings” on object at path /org/freedesktop/portal/desktop
[2024-05-18 20:03:06.482] [info] Using CSS file /home/dan/.config/waybar/style.css
[2024-05-18 20:03:06.488] [info] Hyprland IPC starting
[2024-05-18 20:03:06.490] [info] Loading persistent workspaces from Hyprland workspace rules
[2024-05-18 20:03:06.622] [warning] Requested height: 32 is less than the minimum height: 39 required by the modules
[2024-05-18 20:03:06.622] [info] Bar configured (width: 1920, height: 39) for output: HDMI-A-1
[2024-05-18 20:03:14.609] [info] Quitting.
[2024-05-18 20:03:28.158] [info] Using configuration file /home/dan/.config/waybar/config
[2024-05-18 20:03:28.159] [info] Unable to receive desktop appearance: GDBus.Error:org.freedesktop.DBus.Error.UnknownMethod: No such interface “org.freedesktop.portal.Settings” on object at path /org/freedesktop/portal/desktop
[2024-05-18 20:03:28.159] [info] Using CSS file /home/dan/.config/waybar/style.css
[2024-05-18 20:03:28.165] [info] Hyprland IPC starting
[2024-05-18 20:03:28.168] [info] Loading persistent workspaces from Hyprland workspace rules
[2024-05-18 20:03:28.297] [warning] Requested height: 32 is less than the minimum height: 39 required by the modules
[2024-05-18 20:03:28.297] [info] Bar configured (width: 1920, height: 39) for output: HDMI-A-1
[2024-05-18 20:03:47.413] [info] Quitting.
[2024-05-18 20:03:53.046] [info] Using configuration file /home/dan/.config/waybar/config
[2024-05-18 20:03:53.048] [info] Unable to receive desktop appearance: GDBus.Error:org.freedesktop.DBus.Error.UnknownMethod: No such interface “org.freedesktop.portal.Settings” on object at path /org/freedesktop/portal/desktop
[2024-05-18 20:03:53.048] [info] Using CSS file /home/dan/.config/waybar/style.css
[2024-05-18 20:03:53.053] [info] Hyprland IPC starting
[2024-05-18 20:03:53.055] [info] Loading persistent workspaces from Hyprland workspace rules
[2024-05-18 20:03:53.194] [warning] Requested height: 32 is less than the minimum height: 37 required by the modules
[2024-05-18 20:03:53.194] [info] Bar configured (width: 1920, height: 37) for output: HDMI-A-1
[2024-05-18 20:04:00.723] [info] Quitting.
[2024-05-18 20:04:08.068] [info] Using configuration file /home/dan/.config/waybar/config
[2024-05-18 20:04:08.070] [info] Unable to receive desktop appearance: GDBus.Error:org.freedesktop.DBus.Error.UnknownMethod: No such interface “org.freedesktop.portal.Settings” on object at path /org/freedesktop/portal/desktop
[2024-05-18 20:04:08.070] [info] Using CSS file /home/dan/.config/waybar/style.css
[2024-05-18 20:04:08.075] [info] Hyprland IPC starting
[2024-05-18 20:04:08.077] [info] Loading persistent workspaces from Hyprland workspace rules
[2024-05-18 20:04:08.207] [warning] Requested height: 32 is less than the minimum height: 39 required by the modules
[2024-05-18 20:04:08.207] [info] Bar configured (width: 1920, height: 39) for output: HDMI-A-1
[2024-05-18 20:06:42.732] [info] Quitting.
[2024-05-18 20:06:52.103] [info] Using configuration file /home/dan/.config/waybar/config
[2024-05-18 20:06:52.105] [info] Unable to receive desktop appearance: GDBus.Error:org.freedesktop.DBus.Error.UnknownMethod: No such interface “org.freedesktop.portal.Settings” on object at path /org/freedesktop/portal/desktop
[2024-05-18 20:06:52.105] [info] Using CSS file /home/dan/.config/waybar/style.css
[2024-05-18 20:06:52.111] [info] Hyprland IPC starting
[2024-05-18 20:06:52.113] [info] Loading persistent workspaces from Hyprland workspace rules
[2024-05-18 20:06:52.240] [warning] Requested height: 32 is less than the minimum height: 39 required by the modules
[2024-05-18 20:06:52.240] [info] Bar configured (width: 1920, height: 39) for output: HDMI-A-1
sh: line 1: activate: command not found
[2024-05-18 20:07:30.478] [info] Quitting.
[2024-05-18 20:07:39.766] [info] Using configuration file /home/dan/.config/waybar/config
[2024-05-18 20:07:39.767] [info] Unable to receive desktop appearance: GDBus.Error:org.freedesktop.DBus.Error.UnknownMethod: No such interface “org.freedesktop.portal.Settings” on object at path /org/freedesktop/portal/desktop
[2024-05-18 20:07:39.767] [info] Using CSS file /home/dan/.config/waybar/style.css
[2024-05-18 20:07:39.773] [info] Hyprland IPC starting
[2024-05-18 20:07:39.775] [info] Loading persistent workspaces from Hyprland workspace rules
[2024-05-18 20:07:39.904] [warning] Requested height: 32 is less than the minimum height: 39 required by the modules
[2024-05-18 20:07:39.904] [info] Bar configured (width: 1920, height: 39) for output: HDMI-A-1
[2024-05-18 20:07:48.309] [info] Quitting.
[2024-05-18 20:08:14.125] [info] Using configuration file /home/dan/.config/waybar/config
[2024-05-18 20:08:14.126] [info] Unable to receive desktop appearance: GDBus.Error:org.freedesktop.DBus.Error.UnknownMethod: No such interface “org.freedesktop.portal.Settings” on object at path /org/freedesktop/portal/desktop
[2024-05-18 20:08:14.126] [info] Using CSS file /home/dan/.config/waybar/style.css
[2024-05-18 20:08:14.132] [info] Hyprland IPC starting
[2024-05-18 20:08:14.134] [info] Loading persistent workspaces from Hyprland workspace rules
[2024-05-18 20:08:14.264] [warning] Requested height: 32 is less than the minimum height: 39 required by the modules
[2024-05-18 20:08:14.264] [info] Bar configured (width: 1920, height: 39) for output: HDMI-A-1
[2024-05-18 20:08:54.181] [info] Quitting.
[2024-05-18 20:09:00.038] [info] Using configuration file /home/dan/.config/waybar/config
[2024-05-18 20:09:00.039] [info] Unable to receive desktop appearance: GDBus.Error:org.freedesktop.DBus.Error.UnknownMethod: No such interface “org.freedesktop.portal.Settings” on object at path /org/freedesktop/portal/desktop
[2024-05-18 20:09:00.039] [info] Using CSS file /home/dan/.config/waybar/style.css
[2024-05-18 20:09:00.045] [info] Hyprland IPC starting
[2024-05-18 20:09:00.047] [info] Loading persistent workspaces from Hyprland workspace rules
[2024-05-18 20:09:00.179] [warning] Requested height: 32 is less than the minimum height: 39 required by the modules
[2024-05-18 20:09:00.179] [info] Bar configured (width: 1920, height: 39) for output: HDMI-A-1
[2024-05-18 20:09:02.713] [info] Quitting.
[2024-05-18 20:09:56.032] [info] Using configuration file /home/dan/.config/waybar/config
[2024-05-18 20:09:56.034] [info] Unable to receive desktop appearance: GDBus.Error:org.freedesktop.DBus.Error.UnknownMethod: No such interface “org.freedesktop.portal.Settings” on object at path /org/freedesktop/portal/desktop
[2024-05-18 20:09:56.034] [info] Using CSS file /home/dan/.config/waybar/style.css
[2024-05-18 20:09:56.040] [info] Hyprland IPC starting
[2024-05-18 20:09:56.042] [info] Loading persistent workspaces from Hyprland workspace rules
[2024-05-18 20:09:56.173] [warning] Requested height: 32 is less than the minimum height: 39 required by the modules
[2024-05-18 20:09:56.173] [info] Bar configured (width: 1920, height: 39) for output: HDMI-A-1
[2024-05-18 20:10:01.418] [info] Quitting.
[2024-05-18 20:10:13.612] [info] Using configuration file /home/dan/.config/waybar/config
[2024-05-18 20:10:13.613] [info] Unable to receive desktop appearance: GDBus.Error:org.freedesktop.DBus.Error.UnknownMethod: No such interface “org.freedesktop.portal.Settings” on object at path /org/freedesktop/portal/desktop
[2024-05-18 20:10:13.614] [info] Using CSS file /home/dan/.config/waybar/style.css
[2024-05-18 20:10:13.619] [info] Hyprland IPC starting
[2024-05-18 20:10:13.621] [info] Loading persistent workspaces from Hyprland workspace rules
[2024-05-18 20:10:13.749] [warning] Requested height: 32 is less than the minimum height: 39 required by the modules
[2024-05-18 20:10:13.749] [info] Bar configured (width: 1920, height: 39) for output: HDMI-A-1
[2024-05-18 20:10:56.598] [info] Quitting.
[2024-05-18 20:11:10.488] [info] Using configuration file /home/dan/.config/waybar/config
[2024-05-18 20:11:10.489] [info] Unable to receive desktop appearance: GDBus.Error:org.freedesktop.DBus.Error.UnknownMethod: No such interface “org.freedesktop.portal.Settings” on object at path /org/freedesktop/portal/desktop
[2024-05-18 20:11:10.489] [info] Using CSS file /home/dan/.config/waybar/style.css
[2024-05-18 20:11:10.495] [info] Hyprland IPC starting
[2024-05-18 20:11:10.497] [info] Loading persistent workspaces from Hyprland workspace rules
[2024-05-18 20:11:10.629] [warning] Requested height: 32 is less than the minimum height: 39 required by the modules
[2024-05-18 20:11:10.629] [info] Bar configured (width: 1920, height: 39) for output: HDMI-A-1
[2024-05-18 20:11:39.298] [info] Quitting.
[2024-05-18 20:11:46.590] [info] Using configuration file /home/dan/.config/waybar/config
[2024-05-18 20:11:46.591] [info] Unable to receive desktop appearance: GDBus.Error:org.freedesktop.DBus.Error.UnknownMethod: No such interface “org.freedesktop.portal.Settings” on object at path /org/freedesktop/portal/desktop
[2024-05-18 20:11:46.591] [info] Using CSS file /home/dan/.config/waybar/style.css
[2024-05-18 20:11:46.597] [info] Hyprland IPC starting
[2024-05-18 20:11:46.600] [info] Loading persistent workspaces from Hyprland workspace rules
[2024-05-18 20:11:46.730] [warning] Requested height: 32 is less than the minimum height: 39 required by the modules
[2024-05-18 20:11:46.730] [info] Bar configured (width: 1920, height: 39) for output: HDMI-A-1
[2024-05-18 20:11:51.073] [info] Quitting.
[2024-05-18 20:11:56.883] [info] Using configuration file /home/dan/.config/waybar/config
[2024-05-18 20:11:56.884] [info] Unable to receive desktop appearance: GDBus.Error:org.freedesktop.DBus.Error.UnknownMethod: No such interface “org.freedesktop.portal.Settings” on object at path /org/freedesktop/portal/desktop
[2024-05-18 20:11:56.885] [info] Using CSS file /home/dan/.config/waybar/style.css
[2024-05-18 20:11:56.890] [info] Hyprland IPC starting
[2024-05-18 20:11:56.892] [info] Loading persistent workspaces from Hyprland workspace rules
[2024-05-18 20:11:57.028] [warning] Requested height: 32 is less than the minimum height: 39 required by the modules
[2024-05-18 20:11:57.028] [info] Bar configured (width: 1920, height: 39) for output: HDMI-A-1
sh: line 1: activate: command not found
sh: line 1: activate: command not found
sh: line 1: activate: command not found
